<?xml version="1.0" encoding="UTF-8"?>
<!-- Generated by org.testng.reporters.JUnitXMLReporter -->
<testsuite ignored="0" hostname="CHFNT0008" failures="0" tests="3" name="Default test" time="27.816" errors="0" timestamp="05 ene. 2023 18:18:09 GMT">
  <testcase classname="Pruebas.AppTest" name="fromTo" time="3.477"/>
  <testcase classname="Pruebas.AppTest" name="selectHaiti" time="10.417"/>
  <testcase classname="Pruebas.AppTest" name="verifRadioButton" time="0.341"/>
</testsuite> <!-- Default test -->
