<?xml version="1.0" encoding="UTF-8"?>
<testng-results ignored="0" total="3" passed="3" failed="0" skipped="0">
  <reporter-output>
  </reporter-output>
  <suite started-at="2023-01-05T18:17:42Z" name="Default suite" finished-at="2023-01-05T18:18:09Z" duration-ms="27816">
    <groups>
    </groups>
    <test started-at="2023-01-05T18:17:42Z" name="Default test" finished-at="2023-01-05T18:18:09Z" duration-ms="27816">
      <class name="Pruebas.AppTest">
        <test-method is-config="true" signature="setup()[pri:0, instance:Pruebas.AppTest@5a2d131d]" started-at="2023-01-05T18:17:42Z" name="setup" finished-at="2023-01-05T18:17:55Z" duration-ms="13252" status="PASS">
          <reporter-output>
          </reporter-output>
        </test-method> <!-- setup -->
        <test-method signature="fromTo()[pri:0, instance:Pruebas.AppTest@5a2d131d]" started-at="2023-01-05T18:17:55Z" name="fromTo" finished-at="2023-01-05T18:17:58Z" duration-ms="3477" status="PASS">
          <reporter-output>
          </reporter-output>
        </test-method> <!-- fromTo -->
        <test-method signature="selectHaiti()[pri:0, instance:Pruebas.AppTest@5a2d131d]" started-at="2023-01-05T18:17:58Z" name="selectHaiti" finished-at="2023-01-05T18:18:09Z" duration-ms="10417" status="PASS">
          <reporter-output>
          </reporter-output>
        </test-method> <!-- selectHaiti -->
        <test-method signature="verifRadioButton()[pri:0, instance:Pruebas.AppTest@5a2d131d]" started-at="2023-01-05T18:18:09Z" name="verifRadioButton" finished-at="2023-01-05T18:18:09Z" duration-ms="341" status="PASS">
          <reporter-output>
          </reporter-output>
        </test-method> <!-- verifRadioButton -->
        <test-method is-config="true" signature="After()[pri:0, instance:Pruebas.AppTest@5a2d131d]" started-at="2023-01-05T18:18:09Z" name="After" finished-at="2023-01-05T18:18:09Z" duration-ms="293" status="PASS">
          <reporter-output>
          </reporter-output>
        </test-method> <!-- After -->
      </class> <!-- Pruebas.AppTest -->
    </test> <!-- Default test -->
  </suite> <!-- Default suite -->
</testng-results>
