<?xml version="1.0" encoding="UTF-8"?>
<testng-results ignored="0" total="2" passed="2" failed="0" skipped="0">
  <reporter-output>
  </reporter-output>
  <suite started-at="2023-01-11T17:31:20Z" name="Default suite" finished-at="2023-01-11T17:31:40Z" duration-ms="20448">
    <groups>
    </groups>
    <test started-at="2023-01-11T17:31:20Z" name="Default test" finished-at="2023-01-11T17:31:40Z" duration-ms="20448">
      <class name="Pruebas.AppTest">
        <test-method is-config="true" signature="setup()[pri:0, instance:Pruebas.AppTest@60df60da]" started-at="2023-01-11T17:31:20Z" name="setup" finished-at="2023-01-11T17:31:30Z" duration-ms="10065" status="PASS">
          <reporter-output>
          </reporter-output>
        </test-method> <!-- setup -->
        <test-method signature="selectHaiti()[pri:0, instance:Pruebas.AppTest@60df60da]" started-at="2023-01-11T17:31:30Z" name="selectHaiti" finished-at="2023-01-11T17:31:40Z" duration-ms="10196" status="PASS">
          <reporter-output>
          </reporter-output>
        </test-method> <!-- selectHaiti -->
        <test-method signature="verifRadioButton()[pri:0, instance:Pruebas.AppTest@60df60da]" started-at="2023-01-11T17:31:40Z" name="verifRadioButton" finished-at="2023-01-11T17:31:40Z" duration-ms="93" status="PASS">
          <reporter-output>
          </reporter-output>
        </test-method> <!-- verifRadioButton -->
        <test-method is-config="true" signature="After()[pri:0, instance:Pruebas.AppTest@60df60da]" started-at="2023-01-11T17:31:40Z" name="After" finished-at="2023-01-11T17:31:40Z" duration-ms="71" status="PASS">
          <reporter-output>
          </reporter-output>
        </test-method> <!-- After -->
      </class> <!-- Pruebas.AppTest -->
    </test> <!-- Default test -->
  </suite> <!-- Default suite -->
</testng-results>
